android/app/build/intermediates/manifest_merge_blame_file/debug/manifest-merger-blame-debug-report.txt
1<?xml version="1.0" encoding="utf-8"?>
2<manifest xmlns:android="http://schemas.android.com/apk/res/android"
3    package="com.react_native_test"
4    android:versionCode="1"
5    android:versionName="1.0" >
6
7    <uses-sdk
8        android:minSdkVersion="21"
9        android:targetSdkVersion="34" />
10
11    <uses-permission android:name="android.permission.INTERNET" />
11-->src/main/AndroidManifest.xml:3:5-67
11-->src/main/AndroidManifest.xml:3:22-64
12    <uses-permission android:name="android.permission.ACCESS_NETWORK_STATE" />
12-->[:react-native-community_netinfo] AndroidManifest.xml:7:5-79
12-->[:react-native-community_netinfo] AndroidManifest.xml:7:22-76
13    <uses-permission android:name="android.permission.ACCESS_WIFI_STATE" />
13-->[:react-native-community_netinfo] AndroidManifest.xml:8:5-76
13-->[:react-native-community_netinfo] AndroidManifest.xml:8:22-73
14    <uses-permission android:name="android.permission.ACCESS_COARSE_LOCATION" />
14-->[:rnmapbox_maps] AndroidManifest.xml:8:5-81
14-->[:rnmapbox_maps] AndroidManifest.xml:8:22-78
15    <uses-permission android:name="android.permission.ACCESS_FINE_LOCATION" />
15-->[:rnmapbox_maps] AndroidManifest.xml:9:5-79
15-->[:rnmapbox_maps] AndroidManifest.xml:9:22-76
16    <!--
17    This manifest file is used only by Gradle to configure debug-only capabilities
18    for React Native Apps.
19    -->
20    <uses-permission android:name="android.permission.SYSTEM_ALERT_WINDOW" /> <!-- See https://developer.android.com/training/package-visibility/declaring for more details. -->
20-->[com.facebook.react:react-android:0.73.0] AndroidManifest.xml:16:5-78
20-->[com.facebook.react:react-android:0.73.0] AndroidManifest.xml:16:22-75
21    <queries>
21-->[com.stripe:financial-connections:20.34.4] AndroidManifest.xml:10:5-18:15
22
23        <!-- Added to check the default browser that will host the AuthFlow. -->
24        <intent>
24-->[com.stripe:financial-connections:20.34.4] AndroidManifest.xml:13:9-17:18
25            <action android:name="android.intent.action.VIEW" />
25-->[com.stripe:financial-connections:20.34.4] AndroidManifest.xml:14:13-65
25-->[com.stripe:financial-connections:20.34.4] AndroidManifest.xml:14:21-62
26
27            <data android:scheme="http" />
27-->[com.stripe:financial-connections:20.34.4] AndroidManifest.xml:16:13-43
27-->[com.stripe:financial-connections:20.34.4] AndroidManifest.xml:16:19-40
28        </intent>
29        <!-- Added to check if Chrome is installed for browser-based payment authentication (e.g. 3DS1). -->
30        <package android:name="com.android.chrome" /> <!-- Needs to be explicitly declared on Android R+ -->
30-->[com.stripe:payments-core:20.34.4] AndroidManifest.xml:11:9-54
30-->[com.stripe:payments-core:20.34.4] AndroidManifest.xml:11:18-51
31        <package android:name="com.google.android.apps.maps" />
31-->[com.google.android.gms:play-services-maps:18.0.2] AndroidManifest.xml:33:9-64
31-->[com.google.android.gms:play-services-maps:18.0.2] AndroidManifest.xml:33:18-61
32    </queries>
33
34    <uses-feature
34-->[org.maplibre.gl:android-sdk:9.5.2] AndroidManifest.xml:9:5-11:35
35        android:glEsVersion="0x00020000"
35-->[org.maplibre.gl:android-sdk:9.5.2] AndroidManifest.xml:10:9-41
36        android:required="true" />
36-->[org.maplibre.gl:android-sdk:9.5.2] AndroidManifest.xml:11:9-32
37    <uses-feature
37-->[org.maplibre.gl:android-sdk:9.5.2] AndroidManifest.xml:12:5-14:36
38        android:name="android.hardware.wifi"
38-->[org.maplibre.gl:android-sdk:9.5.2] AndroidManifest.xml:13:9-45
39        android:required="false" />
39-->[org.maplibre.gl:android-sdk:9.5.2] AndroidManifest.xml:14:9-33
40
41    <permission
41-->[androidx.core:core:1.10.0] AndroidManifest.xml:22:5-24:47
42        android:name="com.react_native_test.DYNAMIC_RECEIVER_NOT_EXPORTED_PERMISSION"
42-->[androidx.core:core:1.10.0] AndroidManifest.xml:23:9-81
43        android:protectionLevel="signature" />
43-->[androidx.core:core:1.10.0] AndroidManifest.xml:24:9-44
44
45    <uses-permission android:name="com.react_native_test.DYNAMIC_RECEIVER_NOT_EXPORTED_PERMISSION" />
45-->[androidx.core:core:1.10.0] AndroidManifest.xml:26:5-97
45-->[androidx.core:core:1.10.0] AndroidManifest.xml:26:22-94
46
47    <application
47-->src/main/AndroidManifest.xml:5:5-24:19
48        android:name="com.react_native_test.MainApplication"
48-->src/main/AndroidManifest.xml:6:7-38
49        android:allowBackup="false"
49-->src/main/AndroidManifest.xml:10:7-34
50        android:appComponentFactory="androidx.core.app.CoreComponentFactory"
50-->[androidx.core:core:1.10.0] AndroidManifest.xml:28:18-86
51        android:debuggable="true"
52        android:extractNativeLibs="true"
53        android:icon="@mipmap/ic_launcher"
53-->src/main/AndroidManifest.xml:8:7-41
54        android:label="@string/app_name"
54-->src/main/AndroidManifest.xml:7:7-39
55        android:roundIcon="@mipmap/ic_launcher_round"
55-->src/main/AndroidManifest.xml:9:7-52
56        android:theme="@style/AppTheme"
56-->src/main/AndroidManifest.xml:11:7-38
57        android:usesCleartextTraffic="true" >
57-->src/debug/AndroidManifest.xml:6:9-44
58        <activity
58-->src/main/AndroidManifest.xml:12:7-23:18
59            android:name="com.react_native_test.MainActivity"
59-->src/main/AndroidManifest.xml:13:9-37
60            android:configChanges="keyboard|keyboardHidden|orientation|screenLayout|screenSize|smallestScreenSize|uiMode"
60-->src/main/AndroidManifest.xml:15:9-118
61            android:exported="true"
61-->src/main/AndroidManifest.xml:18:9-32
62            android:label="@string/app_name"
62-->src/main/AndroidManifest.xml:14:9-41
63            android:launchMode="singleTask"
63-->src/main/AndroidManifest.xml:16:9-40
64            android:windowSoftInputMode="adjustResize" >
64-->src/main/AndroidManifest.xml:17:9-51
65            <intent-filter>
65-->src/main/AndroidManifest.xml:19:9-22:25
66                <action android:name="android.intent.action.MAIN" />
66-->src/main/AndroidManifest.xml:20:13-65
66-->src/main/AndroidManifest.xml:20:21-62
67
68                <category android:name="android.intent.category.LAUNCHER" />
68-->src/main/AndroidManifest.xml:21:13-73
68-->src/main/AndroidManifest.xml:21:23-70
69            </intent-filter>
70        </activity>
71
72        <provider
72-->[:react-native-image-picker] AndroidManifest.xml:8:9-16:20
73            android:name="com.imagepicker.ImagePickerProvider"
73-->[:react-native-image-picker] AndroidManifest.xml:9:13-63
74            android:authorities="com.react_native_test.imagepickerprovider"
74-->[:react-native-image-picker] AndroidManifest.xml:10:13-71
75            android:exported="false"
75-->[:react-native-image-picker] AndroidManifest.xml:11:13-37
76            android:grantUriPermissions="true" >
76-->[:react-native-image-picker] AndroidManifest.xml:12:13-47
77            <meta-data
77-->[:react-native-image-picker] AndroidManifest.xml:13:13-15:70
78                android:name="android.support.FILE_PROVIDER_PATHS"
78-->[:react-native-image-picker] AndroidManifest.xml:14:17-67
79                android:resource="@xml/imagepicker_provider_paths" />
79-->[:react-native-image-picker] AndroidManifest.xml:15:17-67
80        </provider>
81        <provider
81-->[:react-native-share] AndroidManifest.xml:8:9-16:20
82            android:name="cl.json.RNShareFileProvider"
82-->[:react-native-share] AndroidManifest.xml:9:13-55
83            android:authorities="com.react_native_test.rnshare.fileprovider"
83-->[:react-native-share] AndroidManifest.xml:10:13-72
84            android:exported="false"
84-->[:react-native-share] AndroidManifest.xml:11:13-37
85            android:grantUriPermissions="true" >
85-->[:react-native-share] AndroidManifest.xml:12:13-47
86            <meta-data
86-->[:react-native-image-picker] AndroidManifest.xml:13:13-15:70
87                android:name="android.support.FILE_PROVIDER_PATHS"
87-->[:react-native-image-picker] AndroidManifest.xml:14:17-67
88                android:resource="@xml/share_download_paths" />
88-->[:react-native-image-picker] AndroidManifest.xml:15:17-67
89        </provider>
90
91        <activity
91-->[com.facebook.react:react-android:0.73.0] AndroidManifest.xml:19:9-21:40
92            android:name="com.facebook.react.devsupport.DevSettingsActivity"
92-->[com.facebook.react:react-android:0.73.0] AndroidManifest.xml:20:13-77
93            android:exported="false" />
93-->[com.facebook.react:react-android:0.73.0] AndroidManifest.xml:21:13-37
94        <activity
94-->[com.stripe:financial-connections:20.34.4] AndroidManifest.xml:21:9-65:20
95            android:name="com.stripe.android.financialconnections.FinancialConnectionsSheetRedirectActivity"
95-->[com.stripe:financial-connections:20.34.4] AndroidManifest.xml:22:13-109
96            android:exported="true"
96-->[com.stripe:financial-connections:20.34.4] AndroidManifest.xml:23:13-36
97            android:launchMode="singleTask" >
97-->[com.stripe:financial-connections:20.34.4] AndroidManifest.xml:24:13-44
98            <intent-filter>
98-->[com.stripe:financial-connections:20.34.4] AndroidManifest.xml:25:13-64:29
99                <action android:name="android.intent.action.VIEW" />
99-->[com.stripe:financial-connections:20.34.4] AndroidManifest.xml:14:13-65
99-->[com.stripe:financial-connections:20.34.4] AndroidManifest.xml:14:21-62
100
101                <category android:name="android.intent.category.DEFAULT" />
101-->[com.stripe:financial-connections:20.34.4] AndroidManifest.xml:28:17-76
101-->[com.stripe:financial-connections:20.34.4] AndroidManifest.xml:28:27-73
102                <category android:name="android.intent.category.BROWSABLE" />
102-->[com.stripe:financial-connections:20.34.4] AndroidManifest.xml:29:17-78
102-->[com.stripe:financial-connections:20.34.4] AndroidManifest.xml:29:27-75
103
104                <!-- Returning from app2app: return_url is triggered to reopen web AuthFlow and poll accounts. -->
105                <data
105-->[com.stripe:financial-connections:20.34.4] AndroidManifest.xml:16:13-43
106                    android:host="link-accounts"
107                    android:pathPrefix="/com.react_native_test/authentication_return"
108                    android:scheme="stripe-auth" />
108-->[com.stripe:financial-connections:20.34.4] AndroidManifest.xml:16:19-40
109
110                <!-- Returning from app2app: return_url is triggered to reopen native AuthFlow and poll accounts. -->
111                <data
111-->[com.stripe:financial-connections:20.34.4] AndroidManifest.xml:16:13-43
112                    android:host="link-native-accounts"
113                    android:pathPrefix="/com.react_native_test/authentication_return"
114                    android:scheme="stripe-auth" />
114-->[com.stripe:financial-connections:20.34.4] AndroidManifest.xml:16:19-40
115
116                <!-- End of web AuthFlow success and cancel URIs that begin with "stripe-auth://link-accounts/{app-id}/...” -->
117                <data
117-->[com.stripe:financial-connections:20.34.4] AndroidManifest.xml:16:13-43
118                    android:host="link-accounts"
119                    android:path="/com.react_native_test/success"
120                    android:scheme="stripe-auth" />
120-->[com.stripe:financial-connections:20.34.4] AndroidManifest.xml:16:19-40
121                <data
121-->[com.stripe:financial-connections:20.34.4] AndroidManifest.xml:16:13-43
122                    android:host="link-accounts"
123                    android:path="/com.react_native_test/cancel"
124                    android:scheme="stripe-auth" />
124-->[com.stripe:financial-connections:20.34.4] AndroidManifest.xml:16:19-40
125
126                <!-- Opening app2app: Web flow triggers stripe-auth://native-redirect/{app-id}/http://web-that-redirects-to-native -->
127                <data
127-->[com.stripe:financial-connections:20.34.4] AndroidManifest.xml:16:13-43
128                    android:host="native-redirect"
129                    android:pathPrefix="/com.react_native_test"
130                    android:scheme="stripe-auth" />
130-->[com.stripe:financial-connections:20.34.4] AndroidManifest.xml:16:19-40
131
132                <!-- Accepts success/cancel/fail URIs that begin with "stripe://auth-redirect” -->
133                <data
133-->[com.stripe:financial-connections:20.34.4] AndroidManifest.xml:16:13-43
134                    android:host="auth-redirect"
135                    android:pathPrefix="/com.react_native_test"
136                    android:scheme="stripe" />
136-->[com.stripe:financial-connections:20.34.4] AndroidManifest.xml:16:19-40
137            </intent-filter>
138        </activity>
139        <activity
139-->[com.stripe:financial-connections:20.34.4] AndroidManifest.xml:66:9-69:57
140            android:name="com.stripe.android.financialconnections.FinancialConnectionsSheetActivity"
140-->[com.stripe:financial-connections:20.34.4] AndroidManifest.xml:67:13-101
141            android:exported="false"
141-->[com.stripe:financial-connections:20.34.4] AndroidManifest.xml:68:13-37
142            android:theme="@style/StripeDefaultTheme" />
142-->[com.stripe:financial-connections:20.34.4] AndroidManifest.xml:69:13-54
143        <activity
143-->[com.stripe:financial-connections:20.34.4] AndroidManifest.xml:70:9-74:58
144            android:name="com.stripe.android.financialconnections.ui.FinancialConnectionsSheetNativeActivity"
144-->[com.stripe:financial-connections:20.34.4] AndroidManifest.xml:71:13-110
145            android:exported="false"
145-->[com.stripe:financial-connections:20.34.4] AndroidManifest.xml:72:13-37
146            android:theme="@style/StripeDefaultTheme"
146-->[com.stripe:financial-connections:20.34.4] AndroidManifest.xml:73:13-54
147            android:windowSoftInputMode="adjustResize" />
147-->[com.stripe:financial-connections:20.34.4] AndroidManifest.xml:74:13-55
148
149        <provider
149-->[com.stripe:financial-connections:20.34.4] AndroidManifest.xml:76:9-80:43
150            android:name="com.stripe.android.financialconnections.appinitializer.FinancialConnectionsInitializer"
150-->[com.stripe:financial-connections:20.34.4] AndroidManifest.xml:77:13-114
151            android:authorities="com.react_native_test.financialconnections-init"
151-->[com.stripe:financial-connections:20.34.4] AndroidManifest.xml:78:13-77
152            android:exported="false"
152-->[com.stripe:financial-connections:20.34.4] AndroidManifest.xml:79:13-37
153            android:multiprocess="true" />
153-->[com.stripe:financial-connections:20.34.4] AndroidManifest.xml:80:13-40
154
155        <activity
155-->[com.stripe:paymentsheet:20.34.4] AndroidManifest.xml:8:9-12:58
156            android:name="com.stripe.android.paymentsheet.PaymentSheetActivity"
156-->[com.stripe:paymentsheet:20.34.4] AndroidManifest.xml:9:13-80
157            android:exported="false"
157-->[com.stripe:paymentsheet:20.34.4] AndroidManifest.xml:10:13-37
158            android:theme="@style/StripePaymentSheetDefaultTheme"
158-->[com.stripe:paymentsheet:20.34.4] AndroidManifest.xml:11:13-66
159            android:windowSoftInputMode="adjustResize" />
159-->[com.stripe:paymentsheet:20.34.4] AndroidManifest.xml:12:13-55
160        <activity
160-->[com.stripe:paymentsheet:20.34.4] AndroidManifest.xml:13:9-17:58
161            android:name="com.stripe.android.paymentsheet.PaymentOptionsActivity"
161-->[com.stripe:paymentsheet:20.34.4] AndroidManifest.xml:14:13-82
162            android:exported="false"
162-->[com.stripe:paymentsheet:20.34.4] AndroidManifest.xml:15:13-37
163            android:theme="@style/StripePaymentSheetDefaultTheme"
163-->[com.stripe:paymentsheet:20.34.4] AndroidManifest.xml:16:13-66
164            android:windowSoftInputMode="adjustResize" />
164-->[com.stripe:paymentsheet:20.34.4] AndroidManifest.xml:17:13-55
165        <activity
165-->[com.stripe:paymentsheet:20.34.4] AndroidManifest.xml:18:9-22:58
166            android:name="com.stripe.android.customersheet.CustomerSheetActivity"
166-->[com.stripe:paymentsheet:20.34.4] AndroidManifest.xml:19:13-82
167            android:exported="false"
167-->[com.stripe:paymentsheet:20.34.4] AndroidManifest.xml:20:13-37
168            android:theme="@style/StripePaymentSheetDefaultTheme"
168-->[com.stripe:paymentsheet:20.34.4] AndroidManifest.xml:21:13-66
169            android:windowSoftInputMode="adjustResize" />
169-->[com.stripe:paymentsheet:20.34.4] AndroidManifest.xml:22:13-55
170        <activity
170-->[com.stripe:paymentsheet:20.34.4] AndroidManifest.xml:23:9-26:69
171            android:name="com.stripe.android.paymentsheet.addresselement.AddressElementActivity"
171-->[com.stripe:paymentsheet:20.34.4] AndroidManifest.xml:24:13-97
172            android:exported="false"
172-->[com.stripe:paymentsheet:20.34.4] AndroidManifest.xml:25:13-37
173            android:theme="@style/StripePaymentSheetDefaultTheme" />
173-->[com.stripe:paymentsheet:20.34.4] AndroidManifest.xml:26:13-66
174        <activity
174-->[com.stripe:paymentsheet:20.34.4] AndroidManifest.xml:27:9-30:69
175            android:name="com.stripe.android.paymentsheet.paymentdatacollection.bacs.BacsMandateConfirmationActivity"
175-->[com.stripe:paymentsheet:20.34.4] AndroidManifest.xml:28:13-118
176            android:exported="false"
176-->[com.stripe:paymentsheet:20.34.4] AndroidManifest.xml:29:13-37
177            android:theme="@style/StripePaymentSheetDefaultTheme" />
177-->[com.stripe:paymentsheet:20.34.4] AndroidManifest.xml:30:13-66
178        <activity
178-->[com.stripe:paymentsheet:20.34.4] AndroidManifest.xml:31:9-34:69
179            android:name="com.stripe.android.paymentsheet.paymentdatacollection.polling.PollingActivity"
179-->[com.stripe:paymentsheet:20.34.4] AndroidManifest.xml:32:13-105
180            android:exported="false"
180-->[com.stripe:paymentsheet:20.34.4] AndroidManifest.xml:33:13-37
181            android:theme="@style/StripePaymentSheetDefaultTheme" />
181-->[com.stripe:paymentsheet:20.34.4] AndroidManifest.xml:34:13-66
182        <activity
182-->[com.stripe:paymentsheet:20.34.4] AndroidManifest.xml:35:9-38:69
183            android:name="com.stripe.android.paymentsheet.ui.SepaMandateActivity"
183-->[com.stripe:paymentsheet:20.34.4] AndroidManifest.xml:36:13-82
184            android:exported="false"
184-->[com.stripe:paymentsheet:20.34.4] AndroidManifest.xml:37:13-37
185            android:theme="@style/StripePaymentSheetDefaultTheme" />
185-->[com.stripe:paymentsheet:20.34.4] AndroidManifest.xml:38:13-66
186        <activity
186-->[com.stripe:link:20.34.4] AndroidManifest.xml:8:9-13:61
187            android:name="com.stripe.android.link.LinkForegroundActivity"
187-->[com.stripe:link:20.34.4] AndroidManifest.xml:9:13-74
188            android:autoRemoveFromRecents="true"
188-->[com.stripe:link:20.34.4] AndroidManifest.xml:10:13-49
189            android:configChanges="orientation|keyboard|keyboardHidden|screenLayout|screenSize|smallestScreenSize"
189-->[com.stripe:link:20.34.4] AndroidManifest.xml:11:13-115
190            android:launchMode="singleTop"
190-->[com.stripe:link:20.34.4] AndroidManifest.xml:12:13-43
191            android:theme="@style/StripeTransparentTheme" />
191-->[com.stripe:link:20.34.4] AndroidManifest.xml:13:13-58
192        <activity
192-->[com.stripe:link:20.34.4] AndroidManifest.xml:14:9-31:20
193            android:name="com.stripe.android.link.LinkRedirectHandlerActivity"
193-->[com.stripe:link:20.34.4] AndroidManifest.xml:15:13-79
194            android:autoRemoveFromRecents="true"
194-->[com.stripe:link:20.34.4] AndroidManifest.xml:16:13-49
195            android:exported="true"
195-->[com.stripe:link:20.34.4] AndroidManifest.xml:17:13-36
196            android:launchMode="singleInstance"
196-->[com.stripe:link:20.34.4] AndroidManifest.xml:18:13-48
197            android:theme="@style/StripeTransparentTheme" >
197-->[com.stripe:link:20.34.4] AndroidManifest.xml:19:13-58
198            <intent-filter>
198-->[com.stripe:link:20.34.4] AndroidManifest.xml:20:13-30:29
199                <action android:name="android.intent.action.VIEW" />
199-->[com.stripe:financial-connections:20.34.4] AndroidManifest.xml:14:13-65
199-->[com.stripe:financial-connections:20.34.4] AndroidManifest.xml:14:21-62
200
201                <category android:name="android.intent.category.DEFAULT" />
201-->[com.stripe:financial-connections:20.34.4] AndroidManifest.xml:28:17-76
201-->[com.stripe:financial-connections:20.34.4] AndroidManifest.xml:28:27-73
202                <category android:name="android.intent.category.BROWSABLE" />
202-->[com.stripe:financial-connections:20.34.4] AndroidManifest.xml:29:17-78
202-->[com.stripe:financial-connections:20.34.4] AndroidManifest.xml:29:27-75
203
204                <data
204-->[com.stripe:financial-connections:20.34.4] AndroidManifest.xml:16:13-43
205                    android:host="complete"
206                    android:path="/com.react_native_test"
207                    android:scheme="link-popup" />
207-->[com.stripe:financial-connections:20.34.4] AndroidManifest.xml:16:19-40
208            </intent-filter>
209        </activity>
210        <activity
210-->[com.stripe:payments-ui-core:20.34.4] AndroidManifest.xml:8:9-11:69
211            android:name="com.stripe.android.ui.core.cardscan.CardScanActivity"
211-->[com.stripe:payments-ui-core:20.34.4] AndroidManifest.xml:9:13-80
212            android:exported="false"
212-->[com.stripe:payments-ui-core:20.34.4] AndroidManifest.xml:10:13-37
213            android:theme="@style/StripePaymentSheetDefaultTheme" />
213-->[com.stripe:payments-ui-core:20.34.4] AndroidManifest.xml:11:13-66
214        <activity
214-->[com.stripe:payments-core:20.34.4] AndroidManifest.xml:15:9-18:57
215            android:name="com.stripe.android.view.AddPaymentMethodActivity"
215-->[com.stripe:payments-core:20.34.4] AndroidManifest.xml:16:13-76
216            android:exported="false"
216-->[com.stripe:payments-core:20.34.4] AndroidManifest.xml:17:13-37
217            android:theme="@style/StripeDefaultTheme" />
217-->[com.stripe:payments-core:20.34.4] AndroidManifest.xml:18:13-54
218        <activity
218-->[com.stripe:payments-core:20.34.4] AndroidManifest.xml:19:9-22:57
219            android:name="com.stripe.android.view.PaymentMethodsActivity"
219-->[com.stripe:payments-core:20.34.4] AndroidManifest.xml:20:13-74
220            android:exported="false"
220-->[com.stripe:payments-core:20.34.4] AndroidManifest.xml:21:13-37
221            android:theme="@style/StripeDefaultTheme" />
221-->[com.stripe:payments-core:20.34.4] AndroidManifest.xml:22:13-54
222        <activity
222-->[com.stripe:payments-core:20.34.4] AndroidManifest.xml:23:9-26:57
223            android:name="com.stripe.android.view.PaymentFlowActivity"
223-->[com.stripe:payments-core:20.34.4] AndroidManifest.xml:24:13-71
224            android:exported="false"
224-->[com.stripe:payments-core:20.34.4] AndroidManifest.xml:25:13-37
225            android:theme="@style/StripeDefaultTheme" />
225-->[com.stripe:payments-core:20.34.4] AndroidManifest.xml:26:13-54
226        <activity
226-->[com.stripe:payments-core:20.34.4] AndroidManifest.xml:27:9-31:58
227            android:name="com.stripe.android.view.PaymentAuthWebViewActivity"
227-->[com.stripe:payments-core:20.34.4] AndroidManifest.xml:28:13-78
228            android:exported="false"
228-->[com.stripe:payments-core:20.34.4] AndroidManifest.xml:29:13-37
229            android:theme="@style/StripeDefaultTheme"
229-->[com.stripe:payments-core:20.34.4] AndroidManifest.xml:30:13-54
230            android:windowSoftInputMode="adjustResize" />
230-->[com.stripe:payments-core:20.34.4] AndroidManifest.xml:31:13-55
231        <activity
231-->[com.stripe:payments-core:20.34.4] AndroidManifest.xml:32:9-35:61
232            android:name="com.stripe.android.view.PaymentRelayActivity"
232-->[com.stripe:payments-core:20.34.4] AndroidManifest.xml:33:13-72
233            android:exported="false"
233-->[com.stripe:payments-core:20.34.4] AndroidManifest.xml:34:13-37
234            android:theme="@style/StripeTransparentTheme" />
234-->[com.stripe:payments-core:20.34.4] AndroidManifest.xml:35:13-58
235        <!--
236        Set android:launchMode="singleTop" so that the StripeBrowserLauncherActivity instance that
237        launched the browser Activity will also handle the return URL deep link.
238        -->
239        <activity
239-->[com.stripe:payments-core:20.34.4] AndroidManifest.xml:41:9-45:61
240            android:name="com.stripe.android.payments.StripeBrowserLauncherActivity"
240-->[com.stripe:payments-core:20.34.4] AndroidManifest.xml:42:13-85
241            android:exported="false"
241-->[com.stripe:payments-core:20.34.4] AndroidManifest.xml:43:13-37
242            android:launchMode="singleTask"
242-->[com.stripe:payments-core:20.34.4] AndroidManifest.xml:44:13-44
243            android:theme="@style/StripeTransparentTheme" />
243-->[com.stripe:payments-core:20.34.4] AndroidManifest.xml:45:13-58
244        <activity
244-->[com.stripe:payments-core:20.34.4] AndroidManifest.xml:46:9-63:20
245            android:name="com.stripe.android.payments.StripeBrowserProxyReturnActivity"
245-->[com.stripe:payments-core:20.34.4] AndroidManifest.xml:47:13-88
246            android:exported="true"
246-->[com.stripe:payments-core:20.34.4] AndroidManifest.xml:48:13-36
247            android:launchMode="singleTask"
247-->[com.stripe:payments-core:20.34.4] AndroidManifest.xml:49:13-44
248            android:theme="@style/StripeTransparentTheme" >
248-->[com.stripe:payments-core:20.34.4] AndroidManifest.xml:50:13-58
249            <intent-filter>
249-->[com.stripe:payments-core:20.34.4] AndroidManifest.xml:51:13-62:29
250                <action android:name="android.intent.action.VIEW" />
250-->[com.stripe:financial-connections:20.34.4] AndroidManifest.xml:14:13-65
250-->[com.stripe:financial-connections:20.34.4] AndroidManifest.xml:14:21-62
251
252                <category android:name="android.intent.category.DEFAULT" />
252-->[com.stripe:financial-connections:20.34.4] AndroidManifest.xml:28:17-76
252-->[com.stripe:financial-connections:20.34.4] AndroidManifest.xml:28:27-73
253                <category android:name="android.intent.category.BROWSABLE" />
253-->[com.stripe:financial-connections:20.34.4] AndroidManifest.xml:29:17-78
253-->[com.stripe:financial-connections:20.34.4] AndroidManifest.xml:29:27-75
254
255                <!-- Must match `DefaultReturnUrl#value`. -->
256                <data
256-->[com.stripe:financial-connections:20.34.4] AndroidManifest.xml:16:13-43
257                    android:host="payment_return_url"
258                    android:path="/com.react_native_test"
259                    android:scheme="stripesdk" />
259-->[com.stripe:financial-connections:20.34.4] AndroidManifest.xml:16:19-40
260            </intent-filter>
261        </activity>
262        <activity
262-->[com.stripe:payments-core:20.34.4] AndroidManifest.xml:64:9-67:57
263            android:name="com.stripe.android.payments.core.authentication.threeds2.Stripe3ds2TransactionActivity"
263-->[com.stripe:payments-core:20.34.4] AndroidManifest.xml:65:13-114
264            android:exported="false"
264-->[com.stripe:payments-core:20.34.4] AndroidManifest.xml:66:13-37
265            android:theme="@style/StripeDefaultTheme" />
265-->[com.stripe:payments-core:20.34.4] AndroidManifest.xml:67:13-54
266        <activity
266-->[com.stripe:payments-core:20.34.4] AndroidManifest.xml:68:9-71:66
267            android:name="com.stripe.android.googlepaylauncher.GooglePayLauncherActivity"
267-->[com.stripe:payments-core:20.34.4] AndroidManifest.xml:69:13-90
268            android:exported="false"
268-->[com.stripe:payments-core:20.34.4] AndroidManifest.xml:70:13-37
269            android:theme="@style/StripeGooglePayDefaultTheme" />
269-->[com.stripe:payments-core:20.34.4] AndroidManifest.xml:71:13-63
270        <activity
270-->[com.stripe:payments-core:20.34.4] AndroidManifest.xml:72:9-75:66
271            android:name="com.stripe.android.googlepaylauncher.GooglePayPaymentMethodLauncherActivity"
271-->[com.stripe:payments-core:20.34.4] AndroidManifest.xml:73:13-103
272            android:exported="false"
272-->[com.stripe:payments-core:20.34.4] AndroidManifest.xml:74:13-37
273            android:theme="@style/StripeGooglePayDefaultTheme" />
273-->[com.stripe:payments-core:20.34.4] AndroidManifest.xml:75:13-63
274        <activity
274-->[com.stripe:payments-core:20.34.4] AndroidManifest.xml:76:9-79:68
275            android:name="com.stripe.android.payments.paymentlauncher.PaymentLauncherConfirmationActivity"
275-->[com.stripe:payments-core:20.34.4] AndroidManifest.xml:77:13-107
276            android:exported="false"
276-->[com.stripe:payments-core:20.34.4] AndroidManifest.xml:78:13-37
277            android:theme="@style/StripePayLauncherDefaultTheme" />
277-->[com.stripe:payments-core:20.34.4] AndroidManifest.xml:79:13-65
278        <activity
278-->[com.stripe:payments-core:20.34.4] AndroidManifest.xml:80:9-83:61
279            android:name="com.stripe.android.payments.bankaccount.ui.CollectBankAccountActivity"
279-->[com.stripe:payments-core:20.34.4] AndroidManifest.xml:81:13-97
280            android:exported="false"
280-->[com.stripe:payments-core:20.34.4] AndroidManifest.xml:82:13-37
281            android:theme="@style/StripeTransparentTheme" />
281-->[com.stripe:payments-core:20.34.4] AndroidManifest.xml:83:13-58
282        <activity
282-->[com.stripe:stripe-3ds2-android:6.1.7] AndroidManifest.xml:8:9-11:54
283            android:name="com.stripe.android.stripe3ds2.views.ChallengeActivity"
283-->[com.stripe:stripe-3ds2-android:6.1.7] AndroidManifest.xml:9:13-81
284            android:exported="false"
284-->[com.stripe:stripe-3ds2-android:6.1.7] AndroidManifest.xml:10:13-37